<?xml version="1.0" encoding="UTF-8"?>
<testng-results ignored="0" total="2" passed="2" failed="0" skipped="0">
  <reporter-output>
  </reporter-output>
  <suite started-at="2023-11-20T21:08:27 IST" name="Default suite" finished-at="2023-11-20T21:08:46 IST" duration-ms="19392">
    <groups>
      <group name="cucumber">
        <method signature="AbstractTestNGCucumberTests.runScenario(io.cucumber.testng.PickleWrapper,io.cucumber.testng.FeatureWrapper)[pri:0, instance:Runner.TestRunner@1c5920df]" name="runScenario" class="io.cucumber.testng.AbstractTestNGCucumberTests"/>
      </group> <!-- cucumber -->
    </groups>
    <test started-at="2023-11-20T21:08:27 IST" name="Default test" finished-at="2023-11-20T21:08:46 IST" duration-ms="19392">
      <class name="Runner.TestRunner">
        <test-method is-config="true" signature="setUpClass(org.testng.ITestContext)[pri:0, instance:Runner.TestRunner@1c5920df]" started-at="2023-11-20T21:08:27 IST" name="setUpClass" finished-at="2023-11-20T21:08:27 IST" duration-ms="211" status="PASS">
          <params>
            <param index="0">
              <value>
                <![CDATA[org.testng.TestRunner@4b544732]]>
              </value>
            </param>
          </params>
          <reporter-output>
          </reporter-output>
        </test-method> <!-- setUpClass -->
        <test-method signature="runScenario(io.cucumber.testng.PickleWrapper,io.cucumber.testng.FeatureWrapper)[pri:0, instance:Runner.TestRunner@1c5920df]" started-at="2023-11-20T21:08:27 IST" name="runScenario" description="Runs Cucumber Scenarios" data-provider="scenarios" finished-at="2023-11-20T21:08:41 IST" duration-ms="13537" status="PASS">
          <params>
            <param index="0">
              <value>
                <![CDATA["Create session from cognitoSignInCode API"]]>
              </value>
            </param>
            <param index="1">
              <value>
                <![CDATA["Congnito Login APIs"]]>
              </value>
            </param>
          </params>
          <reporter-output>
          </reporter-output>
        </test-method> <!-- runScenario -->
        <test-method signature="runScenario(io.cucumber.testng.PickleWrapper,io.cucumber.testng.FeatureWrapper)[pri:0, instance:Runner.TestRunner@1c5920df]" started-at="2023-11-20T21:08:41 IST" name="runScenario" description="Runs Cucumber Scenarios" data-provider="scenarios" finished-at="2023-11-20T21:08:42 IST" duration-ms="1225" status="PASS">
          <params>
            <param index="0">
              <value>
                <![CDATA["Create idToken from cognitoSignIn API"]]>
              </value>
            </param>
            <param index="1">
              <value>
                <![CDATA["Congnito Login APIs"]]>
              </value>
            </param>
          </params>
          <reporter-output>
          </reporter-output>
        </test-method> <!-- runScenario -->
        <test-method is-config="true" signature="tearDownClass()[pri:0, instance:Runner.TestRunner@1c5920df]" started-at="2023-11-20T21:08:42 IST" name="tearDownClass" finished-at="2023-11-20T21:08:46 IST" duration-ms="4398" status="PASS">
          <reporter-output>
          </reporter-output>
        </test-method> <!-- tearDownClass -->
      </class> <!-- Runner.TestRunner -->
    </test> <!-- Default test -->
  </suite> <!-- Default suite -->
</testng-results>
